[14:19:41] [ServerMain/INFO]: Environment: authHost='https://authserver.mojang.com', accountsHost='https://api.mojang.com', sessionHost='https://sessionserver.mojang.com', servicesHost='https://api.minecraftservices.com', name='PROD'
[14:19:45] [ServerMain/INFO]: Reloading ResourceManager: Default, bukkit
[14:20:01] [Worker-Main-1/INFO]: Loaded 7 recipes
[14:20:18] [Server thread/INFO]: Starting minecraft server version 1.18.1
[14:20:18] [Server thread/INFO]: Loading properties
[14:20:18] [Server thread/INFO]: This server is running Paper version git-Paper-155 (MC: 1.18.1) (Implementing API version 1.18.1-R0.1-SNAPSHOT) (Git: 99cf01f)
[14:20:19] [Server thread/INFO]: Server Ping Player Sample Count: 12
[14:20:19] [Server thread/INFO]: Using 4 threads for Netty based IO
[14:20:19] [Server thread/INFO]: Default game type: SURVIVAL
[14:20:19] [Server thread/INFO]: Generating keypair
[14:20:20] [Server thread/INFO]: Starting Minecraft server on localhost:25565
[14:20:21] [Server thread/INFO]: Using default channel type
[14:20:21] [Server thread/INFO]: Paper: Using Java 11 compression from Velocity.
[14:20:21] [Server thread/INFO]: Paper: Using Java cipher from Velocity.
[14:20:25] [Server thread/INFO]: [pLobby] Loading pLobby v1.0
[14:20:25] [Server thread/INFO]: [Multiverse-Core] Loading Multiverse-Core v4.3.1-b861
[14:20:25] [Server thread/INFO]: Server permissions file permissions.yml is empty, ignoring it
[14:20:25] [Server thread/WARN]: **** SERVER IS RUNNING IN OFFLINE/INSECURE MODE!
[14:20:25] [Server thread/WARN]: The server will make no attempt to authenticate usernames. Beware.
[14:20:25] [Server thread/WARN]: While this makes the game possible to play without internet access, it also opens up the ability for hackers to connect with any username they choose.
[14:20:25] [Server thread/WARN]: To change this, set "online-mode" to "true" in the server.properties file.
[14:20:25] [Server thread/INFO]: Preparing level "admin"
[14:20:28] [Server thread/INFO]: Preparing start region for dimension minecraft:overworld
[14:20:29] [Server thread/INFO]: Time elapsed: 1512 ms
[14:20:29] [Server thread/INFO]: [pLobby] Enabling pLobby v1.0
[14:20:29] [Server thread/INFO]: [pLobby] Iniciando configuração...
[14:20:29] [Server thread/ERROR]: No key layers in MapLike[{}]; No key structures in MapLike[{}]
[14:20:46] [Server thread/INFO]: Preparing start region for dimension minecraft:lobby1
[14:20:47] [Server thread/INFO]: Time elapsed: 717 ms
[14:20:47] [Server thread/INFO]: [pLobby] Criando o mundo Lobby1
[14:20:47] [Server thread/ERROR]: No key layers in MapLike[{}]; No key structures in MapLike[{}]
[14:20:58] [Server thread/INFO]: Preparing start region for dimension minecraft:lobby2
[14:21:01] [Server thread/INFO]: Time elapsed: 2707 ms
[14:21:01] [Server thread/INFO]: [pLobby] Criando o mundo Lobby2
[14:21:01] [Server thread/ERROR]: No key layers in MapLike[{}]; No key structures in MapLike[{}]
[14:21:08] [Server thread/INFO]: Preparing start region for dimension minecraft:lobby3
[14:21:10] [Server thread/INFO]: Time elapsed: 1322 ms
[14:21:10] [Server thread/INFO]: [pLobby] Criando o mundo Lobby3
[14:21:10] [Server thread/INFO]: [pLobby] Plugin iniciado com sucesso!
[14:21:10] [Server thread/INFO]: [Multiverse-Core] Enabling Multiverse-Core v4.3.1-b861
[14:21:10] [Server thread/WARN]: [Multiverse-Core] "Multiverse-Core v4.3.1-b861" has registered a listener for org.bukkit.event.entity.EntityCreatePortalEvent on method "public void com.onarandombox.MultiverseCore.listeners.MVPortalListener.entityPortalCreate(org.bukkit.event.entity.EntityCreatePortalEvent)", but the event is Deprecated. "Server performance will be affected"; please notify the authors [dumptruckman, Rigby, fernferret, lithium3141, main--].
[14:21:10] [Server thread/INFO]: [Multiverse-Core] We are aware of the warning about the deprecated event. There is no alternative that allows us to do what we need to do and performance impact is negligible. It is safe to ignore.
[14:21:10] [Server thread/WARN]: [Multiverse-Core] Cannot load worlds.yml
[14:21:10] [Server thread/INFO]: [Multiverse-Core] Loading World & Settings - 'admin' - Env: NORMAL - Type: NORMAL & seed: 5685230339239980880
[14:21:13] [Server thread/INFO]: [Multiverse-Core] Loading World & Settings - 'lobby1' - Env: NORMAL - Type: FLAT & seed: 217335495605399427
[14:21:13] [Server thread/INFO]: [Multiverse-Core] Loading World & Settings - 'lobby2' - Env: NORMAL - Type: FLAT & seed: 5410443946728154726
[14:21:13] [Server thread/INFO]: [Multiverse-Core] Loading World & Settings - 'lobby3' - Env: NORMAL - Type: FLAT & seed: -782483085718503204
[14:21:13] [Server thread/INFO]: [Multiverse-Core] 4 - World(s) loaded.
[14:21:13] [Server thread/WARN]: [Multiverse-Core] Buscript failed to load! The script command will be disabled! If you would like not to see this message, use `/mv conf enablebuscript false` to disable Buscript from loading.
[14:21:13] [Server thread/INFO]: [Multiverse-Core] Version 4.3.1-b861 (API v24) Enabled - By dumptruckman, Rigby, fernferret, lithium3141 and main--
[14:21:13] [Server thread/INFO]: Running delayed init tasks
[14:21:13] [Server thread/INFO]: Done (56.084s)! For help, type "help"
[14:21:13] [Server thread/INFO]: Timings Reset
[14:23:18] [Server thread/INFO]: ====[ Multiverse Help ]====
[14:23:19] [Server thread/INFO]:  Add a '?' after a command to see more about it.
[14:23:19] [Server thread/INFO]: /mv [FILTER] [PAGE #]
[14:23:19] [Server thread/INFO]: /mv version [-b|-h|-p] [--include-plugin-list]
[14:23:19] [Server thread/INFO]: /mv list [filter] [page]
[14:23:19] [Server thread/INFO]: /mv info [WORLD] [PAGE]
[14:23:19] [Server thread/INFO]: /mv create {NAME} {ENV} -s [SEED] -g [GENERATOR[:ID]] -t [WORLDTYPE] [-n] -a [true|false]
[14:23:19] [Server thread/INFO]: /mv clone {TARGET} {NAME} -g [GENERATOR[:ID]]
[14:23:19] [Server thread/INFO]: /mv import {NAME} {ENV} -g [GENERATOR[:ID]] [-n]
[14:23:19] [Server thread/INFO]: /mv reload
[14:23:19] [Server thread/INFO]: /mv setspawn
[14:23:19] [Server thread/INFO]: /mv coord
[14:23:19] [Server thread/INFO]: /mv tp [PLAYER] {DESTINATION}
[14:23:19] [Server thread/INFO]: /mv who [WORLD|--all]
[14:23:19] [Server thread/INFO]: /mv spawn [PLAYER]
[14:23:19] [Server thread/INFO]: /mv unload {WORLD}
[14:23:19] [Server thread/INFO]: /mv load {WORLD}
[14:23:19] [Server thread/INFO]: /mv remove {WORLD}
[14:23:19] [Server thread/INFO]: /mv delete {WORLD}
[14:23:19] [Server thread/INFO]: /mv regen {WORLD} [-s [SEED]] [--keep-gamerules]
[14:23:19] [Server thread/INFO]: /mv confirm
[14:23:19] [Server thread/INFO]: /mv modify {set|add|remove|clear} ...
[14:23:19] [Server thread/INFO]: /mv purge [WORLD|all] {all|animals|monsters|MOBNAME}
[14:23:19] [Server thread/INFO]: /mv modify add {VALUE} {PROPERTY} [WORLD] 
[14:23:19] [Server thread/INFO]: /mv modify set {PROPERTY} {VALUE} [WORLD]
[14:23:19] [Server thread/INFO]: /mv modify remove {PROPERTY} {VALUE} [WORLD]
[14:23:19] [Server thread/INFO]: /mv modify clear {PROPERTY} [WORLD]
[14:23:19] [Server thread/INFO]: /mv config {PROPERTY} {VALUE}
[14:23:19] [Server thread/INFO]: /mv anchor {name} [-d]
[14:23:19] [Server thread/INFO]: /mv env
[14:23:19] [Server thread/INFO]: /mv debug [1|2|3|off|silent]
[14:23:19] [Server thread/INFO]: /mv silent [true|false|on|off]
[14:23:19] [Server thread/INFO]: /mv generators
[14:23:19] [Server thread/INFO]: /mv check {PLAYER} {DESTINATION}
[14:23:19] [Server thread/INFO]: /mv script {script} [target]
[14:23:19] [Server thread/INFO]: /mv gamerule {RULE} {VALUE} [WORLD]
[14:23:19] [Server thread/INFO]: /mv gamerules [WORLD]
[14:23:55] [Server thread/INFO]: SUCCESS! Values were updated successfully!
[14:24:09] [Server thread/INFO]: Reloading all Multiverse Plugin configs...
[14:24:09] [Server thread/INFO]: [Multiverse-Core] 4 - World(s) loaded.
[14:24:09] [Server thread/INFO]: Multiverse-Core - config.yml
[14:24:09] [Server thread/INFO]: Multiverse-Core - worlds.yml
[14:24:09] [Server thread/INFO]: Multiverse-Core - anchors.yml
[14:24:09] [Server thread/INFO]: Reload Complete!
[14:26:19] [Server thread/WARN]: Can't keep up! Is the server overloaded? Running 5266ms or 105 ticks behind
[14:26:33] [Server thread/INFO]: Stopping the server
[14:26:33] [Server thread/INFO]: Stopping server
[14:26:33] [Server thread/INFO]: [Multiverse-Core] Disabling Multiverse-Core v4.3.1-b861
[14:26:33] [Server thread/INFO]: [pLobby] Disabling pLobby v1.0
[14:26:33] [Server thread/INFO]: [pLobby] Plugin desligado com sucesso!
[14:26:33] [Server thread/INFO]: Saving players
[14:26:33] [Server thread/INFO]: Saving worlds
[14:26:33] [Server thread/INFO]: Saving chunks for level 'ServerLevel[admin]'/minecraft:overworld
[14:27:07] [Server thread/INFO]: Saving chunks for level 'ServerLevel[lobby1]'/minecraft:lobby1
[14:27:07] [Server thread/INFO]: Saving chunks for level 'ServerLevel[lobby2]'/minecraft:lobby2
[14:27:07] [Server thread/INFO]: Saving chunks for level 'ServerLevel[lobby3]'/minecraft:lobby3
[14:27:07] [Server thread/INFO]: ThreadedAnvilChunkStorage (admin): All chunks are saved
[14:27:07] [Server thread/INFO]: ThreadedAnvilChunkStorage (lobby1): All chunks are saved
[14:27:07] [Server thread/INFO]: ThreadedAnvilChunkStorage (lobby2): All chunks are saved
[14:27:07] [Server thread/INFO]: ThreadedAnvilChunkStorage (lobby3): All chunks are saved
[14:27:07] [Server thread/INFO]: ThreadedAnvilChunkStorage: All dimensions are saved
[14:27:10] [Server thread/INFO]: Flushing Chunk IO
[14:27:10] [Server thread/INFO]: Closing Thread Pool
